=/pretest.json
{
  _: [],
  f: [
    '/home/runner/work/exp-single-slit-diffraction-iitk/exp-single-slit-diffraction-iitk/experiment/pretest.json'
  ],
  files: [
    '/home/runner/work/exp-single-slit-diffraction-iitk/exp-single-slit-diffraction-iitk/experiment/pretest.json'
  ],
  c: 'assessment',
  contentTypes: 'assessment',
  'content-types': 'assessment',
  '$0': 'validate'
}
Failed while validating /home/runner/work/exp-single-slit-diffraction-iitk/exp-single-slit-diffraction-iitk/experiment/pretest.json
SyntaxError: /home/runner/work/exp-single-slit-diffraction-iitk/exp-single-slit-diffraction-iitk/experiment/pretest.json: Unexpected string in JSON at position 2260
=/posttest.json
{
  _: [],
  f: [
    '/home/runner/work/exp-single-slit-diffraction-iitk/exp-single-slit-diffraction-iitk/experiment/posttest.json'
  ],
  files: [
    '/home/runner/work/exp-single-slit-diffraction-iitk/exp-single-slit-diffraction-iitk/experiment/posttest.json'
  ],
  c: 'assessment',
  contentTypes: 'assessment',
  'content-types': 'assessment',
  '$0': 'validate'
}
Failed while validating /home/runner/work/exp-single-slit-diffraction-iitk/exp-single-slit-diffraction-iitk/experiment/posttest.json
SyntaxError: /home/runner/work/exp-single-slit-diffraction-iitk/exp-single-slit-diffraction-iitk/experiment/posttest.json: Unexpected token } in JSON at position 2083
